<?xml version="1.0" encoding="UTF-8"?>
<testng-results ignored="0" total="1" passed="1" failed="0" skipped="0">
  <reporter-output>
  </reporter-output>
  <suite started-at="2024-05-01T11:34:25Z" name="Default suite" finished-at="2024-05-01T11:34:56Z" duration-ms="30423">
    <groups>
    </groups>
    <test started-at="2024-05-01T11:34:25Z" name="Default test" finished-at="2024-05-01T11:34:56Z" duration-ms="30423">
      <class name="selenium.loginTest">
        <test-method signature="login()[pri:0, instance:selenium.loginTest@6970140a]" started-at="2024-05-01T17:04:26Z" name="login" finished-at="2024-05-01T17:04:56Z" duration-ms="30303" status="PASS">
          <reporter-output>
          </reporter-output>
        </test-method> <!-- login -->
      </class> <!-- selenium.loginTest -->
    </test> <!-- Default test -->
  </suite> <!-- Default suite -->
</testng-results>
